<?xml version="1.0" encoding="UTF-8"?>
<testsuite xmlns:xsi="http://www.w3.org/2001/XMLSchema-instance" xsi:noNamespaceSchemaLocation="https://maven.apache.org/surefire/maven-surefire-plugin/xsd/surefire-test-report-3.0.xsd" version="3.0" name="testRunner.Test" time="84.497" tests="1" errors="0" skipped="0" failures="0">
  <properties>
[...]
</properties>
  <testcase name="Login functionality with valid credentials" classname="Login functionality" time="82.744">
    <system-out><![CDATA[
@SmokeTest
Scenario: Login functionality with valid credentials                                                                                                # src/test/resources/BUSINESS_LOGIC/CUCUMBER_SUITES/Login.feature:8
.......................................................Scenario Starts.................................................................
  When user open "Chrome" brower with exe as "F:\\automation support\\project workspace\\Flipcart\\src\\test\\resources\\DRIVERS\\chromedriver.exe" # cucumbermap.Login.OpenBrowser(java.lang.String,java.lang.String)
  When user enter url as "https://www.amazon.in"                                                                                                    # cucumbermap.Login.open_url(java.lang.String)
  When user successfully move mouse cursor on Login button                                                                                          # cucumbermap.Login.mouse_hover()
  When user successfully click on profile tab under Login                                                                                           # cucumbermap.Login.click_profile()
  When user successfully enter "harshallungse@gmail.com" as userid                                                                                  # cucumbermap.Login.enter_uesrid(java.lang.String)
  When user click on continue                                                                                                                       # cucumbermap.Login.click_continue()
  When user successfully enter "azazsxsx.." as password                                                                                             # cucumbermap.Login.enter_password(java.lang.String)
  When user click on Login                                                                                                                          # cucumbermap.Login.click_login()
Test Case Passed
  Then user succefully logged in with valid credentials                                                                                             # cucumbermap.Login.login_validation()
........................................................Scenario Ends...................................................................
]]></system-out>
    <system-err><![CDATA[Starting ChromeDriver 109.0.5414.74 (e7c5703604daa9cc128ccf5a5d3e993513758913-refs/branch-heads/5414@{#1172}) on port 23370
Only local connections are allowed.
Please see https://chromedriver.chromium.org/security-considerations for suggestions on keeping ChromeDriver safe.
ChromeDriver was started successfully.
Jun 04, 2023 11:43:08 AM org.openqa.selenium.remote.ProtocolHandshake createSession
INFO: Detected dialect: W3C
]]></system-err>
  </testcase>
</testsuite>